<?xml version="1.0" encoding="UTF-8"?>
<!-- Generated by org.testng.reporters.JUnitReportReporter -->
<testsuite hostname="syam-PC" failures="0" tests="3" name="testScripts.A11YTest" time="18.333" errors="0" timestamp="2022-02-03T17:17:32 IST" skipped="0">
  <testcase classname="testScripts.A11YTest" name="selectorTest" time="0.393"/>
  <system-out/>
  <testcase classname="testScripts.A11YTest" name="sampleTest" time="11.265"/>
  <system-out/>
  <testcase classname="testScripts.A11YTest" name="testWebElement" time="6.675"/>
  <system-out/>
</testsuite> <!-- testScripts.A11YTest -->
